5014
5015
5015
5015
5015
5015
5015
5015
5015
5015
5015
5015
5015
5015
5015
5015
5015
5015
5015
5015
5015
5015
5015
5015
5015
5015
5015
5015
5015
5015
5015
5015
5015
5015
5015
5015
5015
5015
5015
5015
5015
5015
5015
5015
5015
5015
5015
5015
5015
5015
5015
5015
5015
5015
5015
5015
5015
5015
5015
5015
5015
5015
5015
5015
5015
5015
5015
5015
5015
5015
5015
5015
5015
5015
5015
5015
5015
5015
5015
5015
5015
5015
5015
5015
5015
5015
5015
5015
5015
5015
5015
5015
5015
5015
5015
5015
5015
5015
5015
5015
5045
5738
6380
6982
7641
8017
8222
8282
8283
8296
8299
8306
8322
8323
8324
8331
8343
8350
8351
8353
8359
8372
8373
8386
8399
8402
8404
8406
8408
8410
8430
8437
8438
8448
8451
8481
8483
8485
8486
8487
8488
8489
8508
8516
8517
8518
8519
8520
8521
8525
8549
8550
8551
8552
8558
8563
8566
8587
8588
8589
8590
8591
8592
8607
8623
8636
8637
8653
8670
8673
8676
8677
8678
8679
8689
8695
8698
8705
8706
8707
8712
8721
8725
8731
8733
8736
8755
8760
8761
8764
8765
8767
8771
8772
8774
8775
8776
8777
8778
8782
8784
8785
8786
8788
8789
8790
8791
8792
8793
8794
8795
8796
8798
8801
8803
8804
8806
8816
8817
8818
8820
8821
8822
8844
8845
8848
8849
8850
8852
8855
8860
8872
8902
8911
8914
8926
8946
8948
8949
8955
8957
8976
8977
8985
8986
8987
9014
9021
9034
9036
9039
9040
9045
9046
9054
9056
9063
9064
9067
9071
9072
9078
9082
9088
9089
9090
9091
9092
9093
9094
9097
9098
9099
9100
9101
9102
9104
9107
9112
9113
9116
9120
9121
9122
9126
9127
9128
9132
9133
9134
9135
9136
9143
9155
9194
9197
9210
9213
9218
9226
9233
9237
9260
9261
9262
9264
9267
9274
9277
9281
9285
9289
9296
9298
9299
9300
9308
9331
9333
9337
9346
9349
9351
9352
9361
9363
9369
9373
9376
9378
9379
9388
9400
9401
9415
9420
9422
9424
9430
9431
9432
9435
9436
9438
9447
9448
9451
9452
9453
9475
9476
9484
9486
9487
9489
9492
9493
9509
9510
9511
9512
9513
9514
9515
9516
9517
9522
9524
9528
9529
9534
9535
9537
9539
9540
9549
9551
9552
9557
9561
9584
9604
9609
9610
9612
9613
9615
9616
9618
9619
9620
9624
9628
9636
9638
9641
9645
9657
9658
9661
9665
9666
9673
9675
9676
9690
9697
9706
9713
9714
9722
9724
9725
9744
9745
9747
9748
9752
9753
9755
9764
9768
9769
9771
9772
9773
9778
9782
9787
9789
9790
9794
9802
9805
9806
9818
9819
9820
9823
9824
9825
9826
9828
9831
9832
9833
9834
9835
9836
9838
9840
9845
9854
9856
9863
9864
9871
9878
9904
9913
9921
9922
9923
9924
9932
9938
9959
9964
9969
9971
9972
9976
9977
9979
9980
10001
10003
10005
10007
10008
10010
10012
10021
10023
10025
10026
10031
10032
10039
10042
10046
10047
10049
10053
10056
10059
10061
10062
10063
10064
10066
10073
10077
10089
10094
10095
10096
10101
10106
10108
10111
10120
10121
10135
10136
10138
10147
10159
10160
10167
10168
10177
10179
10199
10201
