[DailyShot Crawl Error] url:https://dailyshot.co/m/items/83823 / msg:list index out of range
[DailyShot Crawl Error] url:https://dailyshot.co/m/items/34518 / msg:list index out of range
[DailyShot Crawl Error] url:https://dailyshot.co/m/items/46881 / msg:Message: invalid selector: Unable to locate an element with the xpath expression //*[@class=dailyshot-Text-root dailyshot-k9szl2] because of the following error:
SyntaxError: Failed to execute 'evaluate' on 'Document': The string '//*[@class=dailyshot-Text-root dailyshot-k9szl2]' is not a valid XPath expression.
  (Session info: chrome=117.0.5938.92)
Stacktrace:
0   chromedriver                        0x00000001052a6d98 chromedriver + 4337048
1   chromedriver                        0x000000010529ee14 chromedriver + 4304404
2   chromedriver                        0x0000000104ecba5c chromedriver + 293468
3   chromedriver                        0x0000000104ed0cc8 chromedriver + 314568
4   chromedriver                        0x0000000104ed28dc chromedriver + 321756
5   chromedriver                        0x0000000104ed2a08 chromedriver + 322056
6   chromedriver                        0x0000000104f10af4 chromedriver + 576244
7   chromedriver                        0x0000000104f4b908 chromedriver + 817416
8   chromedriver                        0x0000000104f04a5c chromedriver + 526940
9   chromedriver                        0x0000000104f05908 chromedriver + 530696
10  chromedriver                        0x000000010526cde4 chromedriver + 4099556
11  chromedriver                        0x00000001052712a0 chromedriver + 4117152
12  chromedriver                        0x000000010527752c chromedriver + 4142380
13  chromedriver                        0x0000000105271da0 chromedriver + 4119968
14  chromedriver                        0x0000000105249a74 chromedriver + 3955316
15  chromedriver                        0x000000010528ea48 chromedriver + 4237896
16  chromedriver                        0x000000010528ebc4 chromedriver + 4238276
17  chromedriver                        0x000000010529ea8c chromedriver + 4303500
18  libsystem_pthread.dylib             0x00000001a0b7bfa8 _pthread_start + 148
19  libsystem_pthread.dylib             0x00000001a0b76da0 thread_start + 8

[DailyShot Crawl Error] url:https://dailyshot.co/m/items/87580 / msg:list index out of range
[DailyShot Crawl Error] url:https://dailyshot.co/m/items/82687 / msg:list index out of range
[DailyShot Crawl Error] url:https://dailyshot.co/m/items/46728 / msg:list index out of range
[DailyShot Crawl Error] url:https://dailyshot.co/m/items/31720 / msg:list index out of range
[DailyShot Crawl Error] url:https://dailyshot.co/m/items/84684 / msg:list index out of range
[DailyShot Crawl Error] url:https://dailyshot.co/m/items/56162 / msg:list index out of range
[DailyShot Crawl Error] url:https://dailyshot.co/m/items/40043 / msg:list index out of range
[DailyShot Crawl Error] url:https://dailyshot.co/m/items/33487 / msg:list index out of range
[DailyShot Crawl Error] url:https://dailyshot.co/m/items/53650 / msg:list index out of range
[DailyShot Crawl Error] url:https://dailyshot.co/m/items/73563 / msg:list index out of range
[DailyShot Crawl Error] url:https://dailyshot.co/m/items/86088 / msg:list index out of range
[DailyShot Crawl Error] url:https://dailyshot.co/m/items/54196 / msg:list index out of range
[DailyShot Crawl Error] url:https://dailyshot.co/m/items/75090 / msg:list index out of range
[DailyShot Crawl Error] url:https://dailyshot.co/m/items/81798 / msg:list index out of range
[DailyShot Crawl Error] url:https://dailyshot.co/m/items/39761 / msg:list index out of range
[DailyShot Crawl Error] url:https://dailyshot.co/m/items/42679 / msg:list index out of range
[DailyShot Crawl Error] url:https://dailyshot.co/m/items/75669 / msg:list index out of range
[DailyShot Crawl Error] url:https://dailyshot.co/m/items/88364 / msg:list index out of range
[DailyShot Crawl Error] url:https://dailyshot.co/m/items/62038 / msg:list index out of range
[DailyShot Crawl Error] url:https://dailyshot.co/m/items/93879 / msg:list index out of range
[DailyShot Crawl Error] url:https://dailyshot.co/m/items/76166 / msg:list index out of range
[DailyShot Crawl Error] url:https://dailyshot.co/m/items/71687 / msg:list index out of range
[DailyShot Crawl Error] url:https://dailyshot.co/m/items/46549 / msg:list index out of range
[DailyShot Crawl Error] url:https://dailyshot.co/m/items/46746 / msg:list index out of range
[DailyShot Crawl Error] url:https://dailyshot.co/m/items/76087 / msg:list index out of range
[DailyShot Crawl Error] url:https://dailyshot.co/m/items/45392 / msg:list index out of range
[DailyShot Crawl Error] url:https://dailyshot.co/m/items/54889 / msg:list index out of range
[DailyShot Crawl Error] url:https://dailyshot.co/m/items/75741 / msg:list index out of range
[DailyShot Crawl Error] url:https://dailyshot.co/m/items/81140 / msg:list index out of range
[DailyShot Crawl Error] url:https://dailyshot.co/m/items/84137 / msg:list index out of range
[DailyShot Crawl Error] url:https://dailyshot.co/m/items/34461 / msg:list index out of range
[DailyShot Crawl Error] url:https://dailyshot.co/m/items/69230 / msg:list index out of range
[DailyShot Crawl Error] url:https://dailyshot.co/m/items/94510 / msg:list index out of range
[DailyShot Crawl Error] url:https://dailyshot.co/m/items/35347 / msg:list index out of range
[DailyShot Crawl Error] url:https://dailyshot.co/m/items/85942 / msg:list index out of range
[DailyShot Crawl Error] url:https://dailyshot.co/m/items/74276 / msg:list index out of range
[DailyShot Crawl Error] url:https://dailyshot.co/m/items/73901 / msg:list index out of range
[DailyShot Crawl Error] url:https://dailyshot.co/m/items/45311 / msg:list index out of range
[DailyShot Crawl Error] url:https://dailyshot.co/m/items/79323 / msg:list index out of range
[DailyShot Crawl Error] url:https://dailyshot.co/m/items/93219 / msg:list index out of range
[DailyShot Crawl Error] url:https://dailyshot.co/m/items/53791 / msg:list index out of range
[DailyShot Crawl Error] url:https://dailyshot.co/m/items/84678 / msg:list index out of range
[DailyShot Crawl Error] url:https://dailyshot.co/m/items/54288 / msg:list index out of range
[DailyShot Crawl Error] url:https://dailyshot.co/m/items/58958 / msg:list index out of range
[DailyShot Crawl Error] url:https://dailyshot.co/m/items/69837 / msg:list index out of range
[DailyShot Crawl Error] url:https://dailyshot.co/m/items/63314 / msg:list index out of range
[DailyShot Crawl Error] url:https://dailyshot.co/m/items/49916 / msg:list index out of range
[DailyShot Crawl Error] url:https://dailyshot.co/m/items/60491 / msg:list index out of range
[DailyShot Crawl Error] url:https://dailyshot.co/m/items/85083 / msg:list index out of range
[DailyShot Crawl Error] url:https://dailyshot.co/m/items/45323 / msg:list index out of range
[DailyShot Crawl Error] url:https://dailyshot.co/m/items/82128 / msg:list index out of range
[DailyShot Crawl Error] url:https://dailyshot.co/m/items/87108 / msg:list index out of range
[DailyShot Crawl Error] url:https://dailyshot.co/m/items/42001 / msg:list index out of range
[DailyShot Crawl Error] url:https://dailyshot.co/m/items/77683 / msg:list index out of range
[DailyShot Crawl Error] url:https://dailyshot.co/m/items/69507 / msg:list index out of range
[DailyShot Crawl Error] url:https://dailyshot.co/m/items/29606 / msg:list index out of range
[DailyShot Crawl Error] url:https://dailyshot.co/m/items/58344 / msg:list index out of range
[DailyShot Crawl Error] url:https://dailyshot.co/m/items/77739 / msg:list index out of range
[DailyShot Crawl Error] url:https://dailyshot.co/m/items/80891 / msg:list index out of range
[DailyShot Crawl Error] url:https://dailyshot.co/m/items/74604 / msg:list index out of range
[DailyShot Crawl Error] url:https://dailyshot.co/m/items/21730 / msg:list index out of range
[DailyShot Crawl Error] url:https://dailyshot.co/m/items/40490 / msg:list index out of range
[DailyShot Crawl Error] url:https://dailyshot.co/m/items/44013 / msg:list index out of range
[DailyShot Crawl Error] url:https://dailyshot.co/m/items/93950 / msg:list index out of range
[DailyShot Crawl Error] url:https://dailyshot.co/m/items/86736 / msg:list index out of range
[DailyShot Crawl Error] url:https://dailyshot.co/m/items/69692 / msg:list index out of range
[DailyShot Crawl Error] url:https://dailyshot.co/m/items/72645 / msg:list index out of range
[DailyShot Crawl Error] url:https://dailyshot.co/m/items/63541 / msg:list index out of range
[DailyShot Crawl Error] url:https://dailyshot.co/m/items/46771 / msg:list index out of range
[DailyShot Crawl Error] url:https://dailyshot.co/m/items/76327 / msg:list index out of range
[DailyShot Crawl Error] url:https://dailyshot.co/m/items/33242 / msg:list index out of range
[DailyShot Crawl Error] url:https://dailyshot.co/m/items/84674 / msg:list index out of range
[DailyShot Crawl Error] url:https://dailyshot.co/m/items/65312 / msg:list index out of range
[DailyShot Crawl Error] url:https://dailyshot.co/m/items/34550 / msg:list index out of range
[DailyShot Crawl Error] url:https://dailyshot.co/m/items/77408 / msg:list index out of range
[DailyShot Crawl Error] url:https://dailyshot.co/m/items/94473 / msg:list index out of range
[DailyShot Crawl Error] url:https://dailyshot.co/m/items/42643 / msg:list index out of range
[DailyShot Crawl Error] url:https://dailyshot.co/m/items/74851 / msg:list index out of range
[DailyShot Crawl Error] url:https://dailyshot.co/m/items/69683 / msg:list index out of range
[DailyShot Crawl Error] url:https://dailyshot.co/m/items/45329 / msg:list index out of range
[DailyShot Crawl Error] url:https://dailyshot.co/m/items/69697 / msg:list index out of range
[DailyShot Crawl Error] url:https://dailyshot.co/m/items/34579 / msg:list index out of range
[DailyShot Crawl Error] url:https://dailyshot.co/m/items/50197 / msg:list index out of range
